[debug] [2021-12-31T04:57:50.508Z] ----------------------------------------------------------------------
[debug] [2021-12-31T04:57:50.511Z] Command:       C:\Program Files\nodejs\node.exe C:\Users\sarah\AppData\Roaming\npm\node_modules\firebase-tools\lib\bin\firebase.js init
[debug] [2021-12-31T04:57:50.512Z] CLI Version:   10.0.1
[debug] [2021-12-31T04:57:50.512Z] Platform:      win32
[debug] [2021-12-31T04:57:50.513Z] Node Version:  v16.13.1
[debug] [2021-12-31T04:57:50.514Z] Time:          Fri Dec 31 2021 15:57:50 GMT+1100 (Australian Eastern Daylight Time)
[debug] [2021-12-31T04:57:50.514Z] ----------------------------------------------------------------------
[debug] 
[debug] [2021-12-31T04:57:50.525Z] > command requires scopes: ["email","openid","https://www.googleapis.com/auth/cloudplatformprojects.readonly","https://www.googleapis.com/auth/firebase","https://www.googleapis.com/auth/cloud-platform"]
[debug] [2021-12-31T04:57:50.526Z] > authorizing via signed-in user (salameddine99@gmail.com)
[info] 
     ######## #### ########  ######## ########     ###     ######  ########
     ##        ##  ##     ## ##       ##     ##  ##   ##  ##       ##
     ######    ##  ########  ######   ########  #########  ######  ######
     ##        ##  ##    ##  ##       ##     ## ##     ##       ## ##
     ##       #### ##     ## ######## ########  ##     ##  ######  ########

You're about to initialize a Firebase project in this directory:

  C:\Users\sarah\Desktop\FRONTEND DEV JOURNEY\booklings-book-generator

[info] 
=== Project Setup
[info] 
[info] First, let's associate this project directory with a Firebase project.
[info] You can create multiple project aliases by running firebase use --add, 
[info] but for now we'll just set up a default project.
[info] 
[debug] [2021-12-31T04:58:37.765Z] >>> [apiv2][query] GET https://firebase.googleapis.com/v1beta1/projects pageSize=100
[debug] [2021-12-31T04:58:38.714Z] <<< [apiv2][status] GET https://firebase.googleapis.com/v1beta1/projects 200
[debug] [2021-12-31T04:58:38.715Z] <<< [apiv2][body] GET https://firebase.googleapis.com/v1beta1/projects [omitted]
[info] i  Using project booklingsbookgenerator (BooklingsBookGenerator) 
[info] 
=== Hosting Setup
[info] 
[info] Your public directory is the folder (relative to your project directory) that
[info] will contain Hosting assets to be uploaded with firebase deploy. If you
[info] have a build process for your assets, use your build's output directory.
[info] 
[info] +  Wrote public/404.html 
[debug] [2021-12-31T04:59:32.577Z] >>> [apiv2][query] GET https://www.gstatic.com/firebasejs/releases.json [none]
[debug] [2021-12-31T04:59:32.733Z] <<< [apiv2][status] GET https://www.gstatic.com/firebasejs/releases.json 200
[debug] [2021-12-31T04:59:32.733Z] <<< [apiv2][body] GET https://www.gstatic.com/firebasejs/releases.json {"current":{"version":"9.6.1","browserURL":"https://www.gstatic.com/firebasejs/9.6.1/firebase.js","packageURL":"https://www.gstatic.com/firebasejs/9.6.1/firebase.tgz"},"live":{"version":"9.6","browserURL":"https://www.gstatic.com/firebasejs/live/9.6/firebase.js","packageURL":"https://www.gstatic.com/firebasejs/live/9.6/firebase.tgz"},"components":{"analytics":"https://www.gstatic.com/firebasejs/9.6.1/firebase-analytics.js","app":"https://www.gstatic.com/firebasejs/9.6.1/firebase-app.js","app-check":"https://www.gstatic.com/firebasejs/9.6.1/firebase-app-check.js","auth":"https://www.gstatic.com/firebasejs/9.6.1/firebase-auth.js","auth/cordova":"https://www.gstatic.com/firebasejs/9.6.1/firebase-auth/cordova.js","auth/react-native":"https://www.gstatic.com/firebasejs/9.6.1/firebase-auth/react-native.js","functions":"https://www.gstatic.com/firebasejs/9.6.1/firebase-functions.js","firestore":"https://www.gstatic.com/firebasejs/9.6.1/firebase-firestore.js","firestore/lite":"https://www.gstatic.com/firebasejs/9.6.1/firebase-firestore/lite.js","storage":"https://www.gstatic.com/firebasejs/9.6.1/firebase-storage.js","performance":"https://www.gstatic.com/firebasejs/9.6.1/firebase-performance.js","remote-config":"https://www.gstatic.com/firebasejs/9.6.1/firebase-remote-config.js","messaging":"https://www.gstatic.com/firebasejs/9.6.1/firebase-messaging.js","messaging/sw":"https://www.gstatic.com/firebasejs/9.6.1/firebase-messaging/sw.js","database":"https://www.gstatic.com/firebasejs/9.6.1/firebase-database.js","firestore.memory":"https://www.gstatic.com/firebasejs/9.6.1/firebase-firestore.memory.js"}}
[info] i  Skipping write of public/index.html 
[info] 
[info] i  Detected a .git folder at C:\Users\sarah\Desktop\FRONTEND DEV JOURNEY\booklings-book-generator 
[info] i  Authorizing with GitHub to upload your service account to a GitHub repository's secrets store. 
[info] 
[info] Visit this URL on this device to log in:
[info] https://github.com/login/oauth/authorize?client_id=89cf50f02ac6aaed3484&state=384219445&redirect_uri=http%3A%2F%2Flocalhost%3A9005&scope=read%3Auser%20repo%20public_repo
[info] 
[info] Waiting for authentication...
[debug] [2021-12-31T04:59:42.470Z] >>> HTTP REQUEST POST https://github.com/login/oauth/access_token  
 {"client_id":"89cf50f02ac6aaed3484","client_secret":"3330d14abc895d9a74d5f17cd7a00711fa2c5bf0","code":"4710df88e824d4f60244","redirect_uri":"http://localhost:9005","state":"384219445"}
[debug] [2021-12-31T04:59:42.840Z] <<< HTTP RESPONSE 200 {"server":"GitHub.com","date":"Fri, 31 Dec 2021 04:59:41 GMT","content-type":"application/json; charset=utf-8","transfer-encoding":"chunked","vary":"X-PJAX, X-PJAX-Container, Accept-Encoding, Accept, X-Requested-With","permissions-policy":"interest-cohort=()","etag":"W/\"7a27e3042750b78ffb853413de88544d\"","cache-control":"max-age=0, private, must-revalidate","strict-transport-security":"max-age=31536000; includeSubdomains; preload","x-frame-options":"deny","x-content-type-options":"nosniff","x-xss-protection":"0","referrer-policy":"origin-when-cross-origin, strict-origin-when-cross-origin","expect-ct":"max-age=2592000, report-uri=\"https://api.github.com/_private/browser/errors\"","content-security-policy":"default-src 'none'; base-uri 'self'; block-all-mixed-content; child-src github.com/assets-cdn/worker/ gist.github.com/assets-cdn/worker/; connect-src 'self' uploads.github.com objects-origin.githubusercontent.com www.githubstatus.com collector.githubapp.com api.github.com github-cloud.s3.amazonaws.com github-production-repository-file-5c1aeb.s3.amazonaws.com github-production-upload-manifest-file-7fdce7.s3.amazonaws.com github-production-user-asset-6210df.s3.amazonaws.com cdn.optimizely.com logx.optimizely.com/v1/events translator.github.com wss://alive.github.com; font-src github.githubassets.com; form-action 'self' github.com gist.github.com objects-origin.githubusercontent.com; frame-ancestors 'none'; frame-src render.githubusercontent.com viewscreen.githubusercontent.com notebooks.githubusercontent.com; img-src 'self' data: github.githubassets.com identicons.github.com collector.githubapp.com github-cloud.s3.amazonaws.com secured-user-images.githubusercontent.com/ *.githubusercontent.com; manifest-src 'self'; media-src github.com user-images.githubusercontent.com/; script-src github.githubassets.com; style-src 'unsafe-inline' github.githubassets.com; worker-src github.com/assets-cdn/worker/ gist.github.com/assets-cdn/worker/","x-github-request-id":"CC59:0C3C:2A6C4A:35E10E:61CE8E3D"}
[debug] [2021-12-31T04:59:42.846Z] >>> [apiv2][query] GET https://api.github.com/user [none]
[debug] [2021-12-31T04:59:43.204Z] <<< [apiv2][status] GET https://api.github.com/user 200
[debug] [2021-12-31T04:59:43.204Z] <<< [apiv2][body] GET https://api.github.com/user {"login":"sarah-alameddine","id":41605242,"node_id":"MDQ6VXNlcjQxNjA1MjQy","avatar_url":"https://avatars.githubusercontent.com/u/41605242?v=4","gravatar_id":"","url":"https://api.github.com/users/sarah-alameddine","html_url":"https://github.com/sarah-alameddine","followers_url":"https://api.github.com/users/sarah-alameddine/followers","following_url":"https://api.github.com/users/sarah-alameddine/following{/other_user}","gists_url":"https://api.github.com/users/sarah-alameddine/gists{/gist_id}","starred_url":"https://api.github.com/users/sarah-alameddine/starred{/owner}{/repo}","subscriptions_url":"https://api.github.com/users/sarah-alameddine/subscriptions","organizations_url":"https://api.github.com/users/sarah-alameddine/orgs","repos_url":"https://api.github.com/users/sarah-alameddine/repos","events_url":"https://api.github.com/users/sarah-alameddine/events{/privacy}","received_events_url":"https://api.github.com/users/sarah-alameddine/received_events","type":"User","site_admin":false,"name":"sarah","company":null,"blog":"","location":null,"email":null,"hireable":true,"bio":null,"twitter_username":null,"public_repos":9,"public_gists":0,"followers":1,"following":2,"created_at":"2018-07-24T03:54:03Z","updated_at":"2021-12-28T06:20:49Z","private_gists":0,"total_private_repos":2,"owned_private_repos":2,"disk_usage":58361,"collaborators":0,"two_factor_authentication":false,"plan":{"name":"pro","space":976562499,"collaborators":0,"private_repos":9999}}
[info] 
[info] +  Success! Logged into GitHub as sarah-alameddine 
[info] 
